Build started 5/24/2016 00:24:36.
     1>Project "E:\GitHub\GameEngine-Downing\DowningEngine\DowningEngine\DowningEngine.vcxproj" on node 2 (Build target(s)).
     1>ClCompile:
         C:\Program Files (x86)\Microsoft Visual Studio 12.0\VC\bin\CL.exe /c /ZI /nologo /W3 /WX- /sdl /Od /Oy- /D _UNICODE /D UNICODE /Gm /EHsc /RTC1 /MDd /GS /fp:precise /Zc:wchar_t /Zc:forScope /Fo"Debug\\" /Fd"Debug\vc120.pdb" /Gd /TP /analyze- /errorReport:prompt Engine.cpp Game.cpp System.cpp WinMain.cpp
         WinMain.cpp
         Game.cpp
         Generating Code...
         Compiling...
         System.cpp
         Engine.cpp
         Generating Code...
       Link:
         C:\Program Files (x86)\Microsoft Visual Studio 12.0\VC\bin\link.exe /ERRORREPORT:PROMPT /OUT:"E:\GitHub\GameEngine-Downing\DowningEngine\Debug\DowningEngine.exe" /INCREMENTAL /NOLOGO kernel32.lib user32.lib gdi32.lib winspool.lib comdlg32.lib advapi32.lib shell32.lib ole32.lib oleaut32.lib uuid.lib odbc32.lib odbccp32.lib /MANIFEST /MANIFESTUAC:"level='asInvoker' uiAccess='false'" /manifest:embed /DEBUG /PDB:"E:\GitHub\GameEngine-Downing\DowningEngine\Debug\DowningEngine.pdb" /SUBSYSTEM:CONSOLE /TLBID:1 /DYNAMICBASE /NXCOMPAT /IMPLIB:"E:\GitHub\GameEngine-Downing\DowningEngine\Debug\DowningEngine.lib" /MACHINE:X86 Debug\Engine.obj
         Debug\Game.obj
         Debug\System.obj
         Debug\UObject.obj
         Debug\WinMain.obj
         DowningEngine.vcxproj -> E:\GitHub\GameEngine-Downing\DowningEngine\Debug\DowningEngine.exe
     1>Done Building Project "E:\GitHub\GameEngine-Downing\DowningEngine\DowningEngine\DowningEngine.vcxproj" (Build target(s)).

Build succeeded.

Time Elapsed 00:00:01.00
